<?xml version="1.0" encoding="UTF-8"?>
<testsuite xmlns:xsi="http://www.w3.org/2001/XMLSchema-instance" xsi:noNamespaceSchemaLocation="https://maven.apache.org/surefire/maven-surefire-plugin/xsd/surefire-test-report-3.0.xsd" version="3.0" name="TestSuite" time="116.512" tests="2" errors="0" skipped="0" failures="0">
  <properties>
[...]
</properties>
  <testcase name="runScenario[&quot;Fill profile Details&quot;, &quot;Fill Profile Details Functionality&quot;](1)" classname="testRunner.TestRunner" time="72.132">
    <system-out><![CDATA[Starting Suite
Starting the test suite

@FillProfileDetails @Regression
Scenario Outline: Fill profile Details                                                                               # src/test/java/features/fillProfileDetails.feature:29
Executing the scenarioFill profile Details
object is not null, setting it again
Driver is set
Home screen object: screens.HomeScreen@5dae5a70
Setting Home Screen Object
  Given Work India app is installed                                                                                  # stepDefinitions.HomeScreenStepDef.work_India_app_is_installed()
  When user enter full_name, mobile_number                                                                           # stepDefinitions.HomeScreenStepDef.user_enter_full_name_mobile_number(io.cucumber.datatable.DataTable)
    | full_name | mobile_number |
    | Test_NAGP | 9898999999    |
  Then user clicks on submit button                                                                                  # stepDefinitions.HomeScreenStepDef.user_clicks_on_submit_button()
Driver is set
  Then user lands on choosecity screen                                                                               # stepDefinitions.HomeScreenStepDef.user_lands_on_choosecity_screen()
Driver is set
  Then user selects city "PUNE"                                                                                      # stepDefinitions.ChooseCityScreenStepDef.user_selects_city(java.lang.String)
  Then user enters nearest place "Aundh"                                                                             # stepDefinitions.ChooseCityScreenStepDef.user_enters_nearest_place(java.lang.String)
  Then user clicks on submit button on choose city screen                                                            # stepDefinitions.ChooseCityScreenStepDef.user_clicks_on_submit_button_on_choose_city_screen()
Driver is set
(1080, 2028)
(1080, 2028)
(1080, 2028)
  Then user fills the profile detials "Male" "Graduate" "English" "GoodEnglish" "Fresher" "25 Years" "Counter Sales" # stepDefinitions.FillProfileDetailsScreenStepDef.user_fills_the_profile_detials(java.lang.String,java.lang.String,java.lang.String,java.lang.String,java.lang.String,java.lang.String,java.lang.String)
  Then user clicks on submit button on fill profile details screen                                                   # stepDefinitions.FillProfileDetailsScreenStepDef.user_clicks_on_submit_button_on_fill_profile_details_screen()
Driver is set
  Then user lands on about yourself screen                                                                           # stepDefinitions.AboutYourselfScreenStepDef.user_lands_on_about_yourself_screen()
  Then user selects the degree"BCom"                                                                                 # stepDefinitions.AboutYourselfScreenStepDef.user_selects_the_degree(java.lang.String)
  Then user clicks on submit button on about yourself screen                                                         # stepDefinitions.AboutYourselfScreenStepDef.user_clicks_on_submit_button_on_about_yourself_screen()
Driver is set
  Then user lands on select language screen                                                                          # stepDefinitions.SelectLanguageScreenStepDef.user_lands_on_select_language_screen()
  Then user select language "English"                                                                                # stepDefinitions.SelectLanguageScreenStepDef.user_select_language(java.lang.String)
Driver is set
  Then user selects profile from menu of workindia dashboard screen                                                  # stepDefinitions.DashboardScreenStepDef.user_selects_profile_from_menu_of_workindia_home_screen()
]]></system-out>
    <system-err><![CDATA[SLF4J: Failed to load class "org.slf4j.impl.StaticLoggerBinder".
SLF4J: Defaulting to no-operation (NOP) logger implementation
SLF4J: See http://www.slf4j.org/codes.html#StaticLoggerBinder for further details.
Jul 31, 2024 12:13:08 AM screens.FillProfileDetailsScreen selectGender
INFO: *****************************************Gender selected***********************************************
Jul 31, 2024 12:13:09 AM screens.FillProfileDetailsScreen selectQualification
INFO: *****************************************Qualification selected***********************************************
Jul 31, 2024 12:13:09 AM screens.FillProfileDetailsScreen selectSchoolMedium
INFO: *****************************************School Medium selected***********************************************
Jul 31, 2024 12:13:10 AM screens.FillProfileDetailsScreen selectEnglishSpeakingLevel
INFO: *****************************************speaking level selected***********************************************
Jul 31, 2024 12:13:14 AM screens.FillProfileDetailsScreen selectFresherOrExperience
INFO: *****************************************Fresher or experience selected***********************************************
Jul 31, 2024 12:13:22 AM screens.FillProfileDetailsScreen selectAge
INFO: *****************************************Age selected***********************************************
Jul 31, 2024 12:13:22 AM screens.FillProfileDetailsScreen selectInterest
INFO: *****************************************Interest selected***********************************************
Jul 31, 2024 12:13:23 AM screens.FillProfileDetailsScreen clickChooseCitySubmitButton
INFO: *****************************************Choose city submit button clicked***********************************************
]]></system-err>
  </testcase>
  <testcase name="runScenario[&quot;Verify that user is able to proceed on landing screen&quot;, &quot;Landing Screen Functionality&quot;](2)" classname="testRunner.TestRunner" time="35.839">
    <system-out><![CDATA[
@landingScreen @Regression
Scenario Outline: Verify that user is able to proceed on landing screen # src/test/java/features/landingDetails.feature:6
Executing the scenarioVerify that user is able to proceed on landing screen
object is not null, setting it again
Driver is set
Home screen object: screens.HomeScreen@5dff108c
Setting Home Screen Object
  Given Work India app is installed                                     # stepDefinitions.HomeScreenStepDef.work_India_app_is_installed()
  When user enter full_name, mobile_number                              # stepDefinitions.HomeScreenStepDef.user_enter_full_name_mobile_number(io.cucumber.datatable.DataTable)
    | full_name | mobile_number |
    | Test_NAGP | 9898999999    |
]]></system-out>
  </testcase>
</testsuite>