<?xml version="1.0" encoding="UTF-8"?>
<testng-results ignored="0" total="2" passed="2" failed="0" skipped="0">
  <reporter-output>
  </reporter-output>
  <suite started-at="2024-07-31T00:12:30 IST" name="Regression Testing for Work India UI Design" finished-at="2024-07-31T00:14:26 IST" duration-ms="115705">
    <groups>
      <group name="cucumber">
        <method signature="AbstractTestNGCucumberTests.runScenario(io.cucumber.testng.PickleWrapper,io.cucumber.testng.FeatureWrapper)[pri:0, instance:testRunner.TestRunner@7cc0cdad]" name="runScenario" class="io.cucumber.testng.AbstractTestNGCucumberTests"/>
      </group> <!-- cucumber -->
    </groups>
    <test started-at="2024-07-31T00:12:30 IST" name="SanityTest" finished-at="2024-07-31T00:14:26 IST" duration-ms="115705">
      <class name="testRunner.TestRunner">
        <test-method is-config="true" signature="setUpClass(org.testng.ITestContext)[pri:0, instance:testRunner.TestRunner@7cc0cdad]" started-at="2024-07-31T00:12:30 IST" name="setUpClass" finished-at="2024-07-31T00:12:31 IST" duration-ms="1020" status="PASS">
          <params>
            <param index="0">
              <value>
                <![CDATA[org.testng.TestRunner@7640a191]]>
              </value>
            </param>
          </params>
          <reporter-output>
          </reporter-output>
        </test-method> <!-- setUpClass -->
        <test-method signature="runScenario(io.cucumber.testng.PickleWrapper,io.cucumber.testng.FeatureWrapper)[pri:0, instance:testRunner.TestRunner@7cc0cdad]" started-at="2024-07-31T00:12:31 IST" name="runScenario" description="Runs Cucumber Scenarios" data-provider="scenarios" finished-at="2024-07-31T00:13:43 IST" duration-ms="72131" status="PASS">
          <params>
            <param index="0">
              <value>
                <![CDATA["Fill profile Details"]]>
              </value>
            </param>
            <param index="1">
              <value>
                <![CDATA["Fill Profile Details Functionality"]]>
              </value>
            </param>
          </params>
          <reporter-output>
          </reporter-output>
        </test-method> <!-- runScenario -->
        <test-method signature="runScenario(io.cucumber.testng.PickleWrapper,io.cucumber.testng.FeatureWrapper)[pri:0, instance:testRunner.TestRunner@7cc0cdad]" started-at="2024-07-31T00:13:43 IST" name="runScenario" description="Runs Cucumber Scenarios" data-provider="scenarios" finished-at="2024-07-31T00:14:19 IST" duration-ms="35838" status="PASS">
          <params>
            <param index="0">
              <value>
                <![CDATA["Verify that user is able to proceed on landing screen"]]>
              </value>
            </param>
            <param index="1">
              <value>
                <![CDATA["Landing Screen Functionality"]]>
              </value>
            </param>
          </params>
          <reporter-output>
          </reporter-output>
        </test-method> <!-- runScenario -->
        <test-method is-config="true" signature="tearDownClass()[pri:0, instance:testRunner.TestRunner@7cc0cdad]" started-at="2024-07-31T00:14:19 IST" name="tearDownClass" finished-at="2024-07-31T00:14:26 IST" duration-ms="6671" status="PASS">
          <reporter-output>
          </reporter-output>
        </test-method> <!-- tearDownClass -->
      </class> <!-- testRunner.TestRunner -->
    </test> <!-- SanityTest -->
  </suite> <!-- Regression Testing for Work India UI Design -->
</testng-results>
